[  0%] Built target fiducial_msgs_generate_messages_nodejs
[  0%] Built target dynamic_reconfigure_gencfg
[  0%] Built target dynamic_reconfigure_generate_messages_cpp
[  0%] Built target rosgraph_msgs_generate_messages_nodejs
[  0%] Built target actionlib_generate_messages_cpp
[  0%] Built target actionlib_msgs_generate_messages_py
[  0%] Built target dynamic_reconfigure_generate_messages_py
[  0%] Built target actionlib_msgs_generate_messages_eus
[  0%] Built target rosgraph_msgs_generate_messages_eus
[  0%] Built target roscpp_generate_messages_eus
[  0%] Built target std_msgs_generate_messages_nodejs
[  0%] Built target geometry_msgs_generate_messages_eus
[  0%] Built target std_msgs_generate_messages_cpp
[  0%] Built target rosgraph_msgs_generate_messages_lisp
[  0%] Built target tf_generate_messages_eus
[  0%] Built target dynamic_reconfigure_generate_messages_lisp
[  0%] Built target tf2_msgs_generate_messages_cpp
[  0%] Built target roscpp_generate_messages_nodejs
[  0%] Built target geometry_msgs_generate_messages_lisp
[  0%] Built target tf_generate_messages_cpp
[  0%] Built target fiducial_msgs_generate_messages_py
[  0%] Built target roscpp_generate_messages_lisp
[  0%] Built target actionlib_generate_messages_lisp
[  0%] Built target roscpp_generate_messages_cpp
[  0%] Built target geometry_msgs_generate_messages_py
[  0%] Built target tf2_msgs_generate_messages_eus
[  0%] Built target sensor_msgs_generate_messages_nodejs
[  0%] Built target sensor_msgs_generate_messages_py
[  0%] Built target std_msgs_generate_messages_lisp
[  0%] Built target rosgraph_msgs_generate_messages_py
[  0%] Built target std_msgs_generate_messages_py
[  0%] Built target sensor_msgs_generate_messages_cpp
[  0%] Built target fiducial_msgs_generate_messages_eus
[  0%] Built target roscpp_generate_messages_py
[  0%] Built target dynamic_reconfigure_generate_messages_eus
[  0%] Built target geometry_msgs_generate_messages_nodejs
[  0%] Built target visualization_msgs_generate_messages_lisp
[  0%] Built target geometry_msgs_generate_messages_cpp
[  0%] Built target dynamic_reconfigure_generate_messages_nodejs
[  0%] Built target tf2_msgs_generate_messages_py
[  0%] Built target visualization_msgs_generate_messages_eus
[  0%] Built target tf_generate_messages_lisp
[  0%] Built target fiducial_msgs_generate_messages_lisp
[  0%] Built target tf_generate_messages_nodejs
[  0%] Built target rosgraph_msgs_generate_messages_cpp
[  0%] Built target actionlib_generate_messages_eus
[  0%] Built target actionlib_msgs_generate_messages_cpp
[  0%] Built target sensor_msgs_generate_messages_eus
[  0%] Built target sensor_msgs_generate_messages_lisp
[  0%] Built target visualization_msgs_generate_messages_cpp
[  0%] Built target actionlib_generate_messages_nodejs
[  0%] Built target actionlib_generate_messages_py
[  0%] Built target std_msgs_generate_messages_eus
[  0%] Built target tf_generate_messages_py
[  0%] Built target actionlib_msgs_generate_messages_nodejs
[  0%] Built target tf2_msgs_generate_messages_lisp
[  0%] Built target actionlib_msgs_generate_messages_lisp
[ 86%] Built target stag_core
[ 86%] Built target tf2_msgs_generate_messages_nodejs
[ 86%] Built target visualization_msgs_generate_messages_nodejs
[ 86%] Built target fiducial_msgs_generate_messages_cpp
[ 86%] Built target visualization_msgs_generate_messages_py
[ 91%] Built target stag_detect_gencfg
[100%] Built target stag_detect
