Linked: (/home/grsh/catkin_ws05/devel/.private/fiducial_msgs/share/roseus/ros/fiducial_msgs/manifest.l, /home/grsh/catkin_ws05/devel/share/roseus/ros/fiducial_msgs/manifest.l)
Linked: (/home/grsh/catkin_ws05/devel/.private/fiducial_msgs/share/roseus/ros/fiducial_msgs/msg/FiducialTransform.l, /home/grsh/catkin_ws05/devel/share/roseus/ros/fiducial_msgs/msg/FiducialTransform.l)
Linked: (/home/grsh/catkin_ws05/devel/.private/fiducial_msgs/share/roseus/ros/fiducial_msgs/msg/FiducialTransformArray.l, /home/grsh/catkin_ws05/devel/share/roseus/ros/fiducial_msgs/msg/FiducialTransformArray.l)
Linked: (/home/grsh/catkin_ws05/devel/.private/fiducial_msgs/share/roseus/ros/fiducial_msgs/msg/FiducialArray.l, /home/grsh/catkin_ws05/devel/share/roseus/ros/fiducial_msgs/msg/FiducialArray.l)
Linked: (/home/grsh/catkin_ws05/devel/.private/fiducial_msgs/share/roseus/ros/fiducial_msgs/msg/FiducialMapEntry.l, /home/grsh/catkin_ws05/devel/share/roseus/ros/fiducial_msgs/msg/FiducialMapEntry.l)
Linked: (/home/grsh/catkin_ws05/devel/.private/fiducial_msgs/share/roseus/ros/fiducial_msgs/msg/FiducialMapEntryArray.l, /home/grsh/catkin_ws05/devel/share/roseus/ros/fiducial_msgs/msg/FiducialMapEntryArray.l)
Linked: (/home/grsh/catkin_ws05/devel/.private/fiducial_msgs/share/roseus/ros/fiducial_msgs/msg/Fiducial.l, /home/grsh/catkin_ws05/devel/share/roseus/ros/fiducial_msgs/msg/Fiducial.l)
Linked: (/home/grsh/catkin_ws05/devel/.private/fiducial_msgs/share/roseus/ros/fiducial_msgs/srv/InitializeMap.l, /home/grsh/catkin_ws05/devel/share/roseus/ros/fiducial_msgs/srv/InitializeMap.l)
Linked: (/home/grsh/catkin_ws05/devel/.private/fiducial_msgs/share/common-lisp/ros/fiducial_msgs/msg/Fiducial.lisp, /home/grsh/catkin_ws05/devel/share/common-lisp/ros/fiducial_msgs/msg/Fiducial.lisp)
Linked: (/home/grsh/catkin_ws05/devel/.private/fiducial_msgs/share/common-lisp/ros/fiducial_msgs/msg/_package_Fiducial.lisp, /home/grsh/catkin_ws05/devel/share/common-lisp/ros/fiducial_msgs/msg/_package_Fiducial.lisp)
Linked: (/home/grsh/catkin_ws05/devel/.private/fiducial_msgs/share/common-lisp/ros/fiducial_msgs/msg/FiducialMapEntryArray.lisp, /home/grsh/catkin_ws05/devel/share/common-lisp/ros/fiducial_msgs/msg/FiducialMapEntryArray.lisp)
Linked: (/home/grsh/catkin_ws05/devel/.private/fiducial_msgs/share/common-lisp/ros/fiducial_msgs/msg/_package_FiducialTransform.lisp, /home/grsh/catkin_ws05/devel/share/common-lisp/ros/fiducial_msgs/msg/_package_FiducialTransform.lisp)
Linked: (/home/grsh/catkin_ws05/devel/.private/fiducial_msgs/share/common-lisp/ros/fiducial_msgs/msg/_package_FiducialMapEntryArray.lisp, /home/grsh/catkin_ws05/devel/share/common-lisp/ros/fiducial_msgs/msg/_package_FiducialMapEntryArray.lisp)
Linked: (/home/grsh/catkin_ws05/devel/.private/fiducial_msgs/share/common-lisp/ros/fiducial_msgs/msg/FiducialMapEntry.lisp, /home/grsh/catkin_ws05/devel/share/common-lisp/ros/fiducial_msgs/msg/FiducialMapEntry.lisp)
Linked: (/home/grsh/catkin_ws05/devel/.private/fiducial_msgs/share/common-lisp/ros/fiducial_msgs/msg/_package_FiducialMapEntry.lisp, /home/grsh/catkin_ws05/devel/share/common-lisp/ros/fiducial_msgs/msg/_package_FiducialMapEntry.lisp)
Linked: (/home/grsh/catkin_ws05/devel/.private/fiducial_msgs/share/common-lisp/ros/fiducial_msgs/msg/FiducialTransform.lisp, /home/grsh/catkin_ws05/devel/share/common-lisp/ros/fiducial_msgs/msg/FiducialTransform.lisp)
Linked: (/home/grsh/catkin_ws05/devel/.private/fiducial_msgs/share/common-lisp/ros/fiducial_msgs/msg/_package_FiducialArray.lisp, /home/grsh/catkin_ws05/devel/share/common-lisp/ros/fiducial_msgs/msg/_package_FiducialArray.lisp)
Linked: (/home/grsh/catkin_ws05/devel/.private/fiducial_msgs/share/common-lisp/ros/fiducial_msgs/msg/fiducial_msgs-msg.asd, /home/grsh/catkin_ws05/devel/share/common-lisp/ros/fiducial_msgs/msg/fiducial_msgs-msg.asd)
Linked: (/home/grsh/catkin_ws05/devel/.private/fiducial_msgs/share/common-lisp/ros/fiducial_msgs/msg/_package.lisp, /home/grsh/catkin_ws05/devel/share/common-lisp/ros/fiducial_msgs/msg/_package.lisp)
Linked: (/home/grsh/catkin_ws05/devel/.private/fiducial_msgs/share/common-lisp/ros/fiducial_msgs/msg/_package_FiducialTransformArray.lisp, /home/grsh/catkin_ws05/devel/share/common-lisp/ros/fiducial_msgs/msg/_package_FiducialTransformArray.lisp)
Linked: (/home/grsh/catkin_ws05/devel/.private/fiducial_msgs/share/common-lisp/ros/fiducial_msgs/msg/FiducialTransformArray.lisp, /home/grsh/catkin_ws05/devel/share/common-lisp/ros/fiducial_msgs/msg/FiducialTransformArray.lisp)
Linked: (/home/grsh/catkin_ws05/devel/.private/fiducial_msgs/share/common-lisp/ros/fiducial_msgs/msg/FiducialArray.lisp, /home/grsh/catkin_ws05/devel/share/common-lisp/ros/fiducial_msgs/msg/FiducialArray.lisp)
Linked: (/home/grsh/catkin_ws05/devel/.private/fiducial_msgs/share/common-lisp/ros/fiducial_msgs/srv/fiducial_msgs-srv.asd, /home/grsh/catkin_ws05/devel/share/common-lisp/ros/fiducial_msgs/srv/fiducial_msgs-srv.asd)
Linked: (/home/grsh/catkin_ws05/devel/.private/fiducial_msgs/share/common-lisp/ros/fiducial_msgs/srv/_package.lisp, /home/grsh/catkin_ws05/devel/share/common-lisp/ros/fiducial_msgs/srv/_package.lisp)
Linked: (/home/grsh/catkin_ws05/devel/.private/fiducial_msgs/share/common-lisp/ros/fiducial_msgs/srv/_package_InitializeMap.lisp, /home/grsh/catkin_ws05/devel/share/common-lisp/ros/fiducial_msgs/srv/_package_InitializeMap.lisp)
Linked: (/home/grsh/catkin_ws05/devel/.private/fiducial_msgs/share/common-lisp/ros/fiducial_msgs/srv/InitializeMap.lisp, /home/grsh/catkin_ws05/devel/share/common-lisp/ros/fiducial_msgs/srv/InitializeMap.lisp)
Linked: (/home/grsh/catkin_ws05/devel/.private/fiducial_msgs/share/gennodejs/ros/fiducial_msgs/_index.js, /home/grsh/catkin_ws05/devel/share/gennodejs/ros/fiducial_msgs/_index.js)
Linked: (/home/grsh/catkin_ws05/devel/.private/fiducial_msgs/share/gennodejs/ros/fiducial_msgs/msg/FiducialTransformArray.js, /home/grsh/catkin_ws05/devel/share/gennodejs/ros/fiducial_msgs/msg/FiducialTransformArray.js)
Linked: (/home/grsh/catkin_ws05/devel/.private/fiducial_msgs/share/gennodejs/ros/fiducial_msgs/msg/FiducialMapEntry.js, /home/grsh/catkin_ws05/devel/share/gennodejs/ros/fiducial_msgs/msg/FiducialMapEntry.js)
Linked: (/home/grsh/catkin_ws05/devel/.private/fiducial_msgs/share/gennodejs/ros/fiducial_msgs/msg/_index.js, /home/grsh/catkin_ws05/devel/share/gennodejs/ros/fiducial_msgs/msg/_index.js)
Linked: (/home/grsh/catkin_ws05/devel/.private/fiducial_msgs/share/gennodejs/ros/fiducial_msgs/msg/FiducialMapEntryArray.js, /home/grsh/catkin_ws05/devel/share/gennodejs/ros/fiducial_msgs/msg/FiducialMapEntryArray.js)
Linked: (/home/grsh/catkin_ws05/devel/.private/fiducial_msgs/share/gennodejs/ros/fiducial_msgs/msg/Fiducial.js, /home/grsh/catkin_ws05/devel/share/gennodejs/ros/fiducial_msgs/msg/Fiducial.js)
Linked: (/home/grsh/catkin_ws05/devel/.private/fiducial_msgs/share/gennodejs/ros/fiducial_msgs/msg/FiducialArray.js, /home/grsh/catkin_ws05/devel/share/gennodejs/ros/fiducial_msgs/msg/FiducialArray.js)
Linked: (/home/grsh/catkin_ws05/devel/.private/fiducial_msgs/share/gennodejs/ros/fiducial_msgs/msg/FiducialTransform.js, /home/grsh/catkin_ws05/devel/share/gennodejs/ros/fiducial_msgs/msg/FiducialTransform.js)
Linked: (/home/grsh/catkin_ws05/devel/.private/fiducial_msgs/share/gennodejs/ros/fiducial_msgs/srv/InitializeMap.js, /home/grsh/catkin_ws05/devel/share/gennodejs/ros/fiducial_msgs/srv/InitializeMap.js)
Linked: (/home/grsh/catkin_ws05/devel/.private/fiducial_msgs/share/gennodejs/ros/fiducial_msgs/srv/_index.js, /home/grsh/catkin_ws05/devel/share/gennodejs/ros/fiducial_msgs/srv/_index.js)
Linked: (/home/grsh/catkin_ws05/devel/.private/fiducial_msgs/share/fiducial_msgs/cmake/fiducial_msgs-msg-paths.cmake, /home/grsh/catkin_ws05/devel/share/fiducial_msgs/cmake/fiducial_msgs-msg-paths.cmake)
Linked: (/home/grsh/catkin_ws05/devel/.private/fiducial_msgs/share/fiducial_msgs/cmake/fiducial_msgsConfig.cmake, /home/grsh/catkin_ws05/devel/share/fiducial_msgs/cmake/fiducial_msgsConfig.cmake)
Linked: (/home/grsh/catkin_ws05/devel/.private/fiducial_msgs/share/fiducial_msgs/cmake/fiducial_msgsConfig-version.cmake, /home/grsh/catkin_ws05/devel/share/fiducial_msgs/cmake/fiducial_msgsConfig-version.cmake)
Linked: (/home/grsh/catkin_ws05/devel/.private/fiducial_msgs/share/fiducial_msgs/cmake/fiducial_msgs-msg-extras.cmake, /home/grsh/catkin_ws05/devel/share/fiducial_msgs/cmake/fiducial_msgs-msg-extras.cmake)
Linked: (/home/grsh/catkin_ws05/devel/.private/fiducial_msgs/lib/python3/dist-packages/fiducial_msgs/__init__.py, /home/grsh/catkin_ws05/devel/lib/python3/dist-packages/fiducial_msgs/__init__.py)
Linked: (/home/grsh/catkin_ws05/devel/.private/fiducial_msgs/lib/python3/dist-packages/fiducial_msgs/msg/_FiducialTransformArray.py, /home/grsh/catkin_ws05/devel/lib/python3/dist-packages/fiducial_msgs/msg/_FiducialTransformArray.py)
Linked: (/home/grsh/catkin_ws05/devel/.private/fiducial_msgs/lib/python3/dist-packages/fiducial_msgs/msg/_FiducialMapEntry.py, /home/grsh/catkin_ws05/devel/lib/python3/dist-packages/fiducial_msgs/msg/_FiducialMapEntry.py)
Linked: (/home/grsh/catkin_ws05/devel/.private/fiducial_msgs/lib/python3/dist-packages/fiducial_msgs/msg/_Fiducial.py, /home/grsh/catkin_ws05/devel/lib/python3/dist-packages/fiducial_msgs/msg/_Fiducial.py)
Linked: (/home/grsh/catkin_ws05/devel/.private/fiducial_msgs/lib/python3/dist-packages/fiducial_msgs/msg/_FiducialMapEntryArray.py, /home/grsh/catkin_ws05/devel/lib/python3/dist-packages/fiducial_msgs/msg/_FiducialMapEntryArray.py)
Linked: (/home/grsh/catkin_ws05/devel/.private/fiducial_msgs/lib/python3/dist-packages/fiducial_msgs/msg/_FiducialArray.py, /home/grsh/catkin_ws05/devel/lib/python3/dist-packages/fiducial_msgs/msg/_FiducialArray.py)
Linked: (/home/grsh/catkin_ws05/devel/.private/fiducial_msgs/lib/python3/dist-packages/fiducial_msgs/msg/__init__.py, /home/grsh/catkin_ws05/devel/lib/python3/dist-packages/fiducial_msgs/msg/__init__.py)
Linked: (/home/grsh/catkin_ws05/devel/.private/fiducial_msgs/lib/python3/dist-packages/fiducial_msgs/msg/_FiducialTransform.py, /home/grsh/catkin_ws05/devel/lib/python3/dist-packages/fiducial_msgs/msg/_FiducialTransform.py)
Linked: (/home/grsh/catkin_ws05/devel/.private/fiducial_msgs/lib/python3/dist-packages/fiducial_msgs/srv/_InitializeMap.py, /home/grsh/catkin_ws05/devel/lib/python3/dist-packages/fiducial_msgs/srv/_InitializeMap.py)
Linked: (/home/grsh/catkin_ws05/devel/.private/fiducial_msgs/lib/python3/dist-packages/fiducial_msgs/srv/__init__.py, /home/grsh/catkin_ws05/devel/lib/python3/dist-packages/fiducial_msgs/srv/__init__.py)
Linked: (/home/grsh/catkin_ws05/devel/.private/fiducial_msgs/lib/pkgconfig/fiducial_msgs.pc, /home/grsh/catkin_ws05/devel/lib/pkgconfig/fiducial_msgs.pc)
Linked: (/home/grsh/catkin_ws05/devel/.private/fiducial_msgs/include/fiducial_msgs/InitializeMapRequest.h, /home/grsh/catkin_ws05/devel/include/fiducial_msgs/InitializeMapRequest.h)
Linked: (/home/grsh/catkin_ws05/devel/.private/fiducial_msgs/include/fiducial_msgs/FiducialMapEntryArray.h, /home/grsh/catkin_ws05/devel/include/fiducial_msgs/FiducialMapEntryArray.h)
Linked: (/home/grsh/catkin_ws05/devel/.private/fiducial_msgs/include/fiducial_msgs/FiducialTransform.h, /home/grsh/catkin_ws05/devel/include/fiducial_msgs/FiducialTransform.h)
Linked: (/home/grsh/catkin_ws05/devel/.private/fiducial_msgs/include/fiducial_msgs/FiducialArray.h, /home/grsh/catkin_ws05/devel/include/fiducial_msgs/FiducialArray.h)
Linked: (/home/grsh/catkin_ws05/devel/.private/fiducial_msgs/include/fiducial_msgs/FiducialMapEntry.h, /home/grsh/catkin_ws05/devel/include/fiducial_msgs/FiducialMapEntry.h)
Linked: (/home/grsh/catkin_ws05/devel/.private/fiducial_msgs/include/fiducial_msgs/InitializeMap.h, /home/grsh/catkin_ws05/devel/include/fiducial_msgs/InitializeMap.h)
Linked: (/home/grsh/catkin_ws05/devel/.private/fiducial_msgs/include/fiducial_msgs/Fiducial.h, /home/grsh/catkin_ws05/devel/include/fiducial_msgs/Fiducial.h)
Linked: (/home/grsh/catkin_ws05/devel/.private/fiducial_msgs/include/fiducial_msgs/InitializeMapResponse.h, /home/grsh/catkin_ws05/devel/include/fiducial_msgs/InitializeMapResponse.h)
Linked: (/home/grsh/catkin_ws05/devel/.private/fiducial_msgs/include/fiducial_msgs/FiducialTransformArray.h, /home/grsh/catkin_ws05/devel/include/fiducial_msgs/FiducialTransformArray.h)
