Symlinking /home/grsh/catkin_ws05/devel/share/swarm_control_package/cmake/swarm_control_package-msg-paths.cmake
Symlinking /home/grsh/catkin_ws05/devel/share/swarm_control_package/cmake/swarm_control_packageConfig-version.cmake
Symlinking /home/grsh/catkin_ws05/devel/share/swarm_control_package/cmake/swarm_control_package-msg-extras.cmake
Symlinking /home/grsh/catkin_ws05/devel/share/swarm_control_package/cmake/swarm_control_packageConfig.cmake
Symlinking /home/grsh/catkin_ws05/devel/share/roseus/ros/swarm_control_package/manifest.l
Symlinking /home/grsh/catkin_ws05/devel/share/roseus/ros/swarm_control_package/msg/FiducialTransform.l
Symlinking /home/grsh/catkin_ws05/devel/share/roseus/ros/swarm_control_package/msg/FiducialTransformArray.l
Symlinking /home/grsh/catkin_ws05/devel/share/common-lisp/ros/swarm_control_package/msg/_package_FiducialTransform.lisp
Symlinking /home/grsh/catkin_ws05/devel/share/common-lisp/ros/swarm_control_package/msg/FiducialTransform.lisp
Symlinking /home/grsh/catkin_ws05/devel/share/common-lisp/ros/swarm_control_package/msg/swarm_control_package-msg.asd
Symlinking /home/grsh/catkin_ws05/devel/share/common-lisp/ros/swarm_control_package/msg/_package.lisp
Symlinking /home/grsh/catkin_ws05/devel/share/common-lisp/ros/swarm_control_package/msg/_package_FiducialTransformArray.lisp
Symlinking /home/grsh/catkin_ws05/devel/share/common-lisp/ros/swarm_control_package/msg/FiducialTransformArray.lisp
Symlinking /home/grsh/catkin_ws05/devel/share/gennodejs/ros/swarm_control_package/_index.js
Symlinking /home/grsh/catkin_ws05/devel/share/gennodejs/ros/swarm_control_package/msg/FiducialTransformArray.js
Symlinking /home/grsh/catkin_ws05/devel/share/gennodejs/ros/swarm_control_package/msg/_index.js
Symlinking /home/grsh/catkin_ws05/devel/share/gennodejs/ros/swarm_control_package/msg/FiducialTransform.js
Symlinking /home/grsh/catkin_ws05/devel/lib/python3/dist-packages/swarm_control_package/__init__.py
Symlinking /home/grsh/catkin_ws05/devel/lib/python3/dist-packages/swarm_control_package/msg/_FiducialTransformArray.py
Symlinking /home/grsh/catkin_ws05/devel/lib/python3/dist-packages/swarm_control_package/msg/__init__.py
Symlinking /home/grsh/catkin_ws05/devel/lib/python3/dist-packages/swarm_control_package/msg/_FiducialTransform.py
Symlinking /home/grsh/catkin_ws05/devel/lib/pkgconfig/swarm_control_package.pc
Symlinking /home/grsh/catkin_ws05/devel/include/swarm_control_package/FiducialTransform.h
Symlinking /home/grsh/catkin_ws05/devel/include/swarm_control_package/FiducialTransformArray.h
