[  0%] Built target fiducial_msgs_generate_messages_cpp
[  0%] Built target _swarm_control_package_generate_messages_check_deps_SpecialCommands
[  0%] Built target geometry_msgs_generate_messages_cpp
[  0%] Built target _swarm_control_package_generate_messages_check_deps_NewTarget
[  0%] Built target std_msgs_generate_messages_cpp
[  0%] Built target _swarm_control_package_generate_messages_check_deps_FiducialTransformArray
[  0%] Built target fiducial_msgs_generate_messages_py
[  0%] Built target _swarm_control_package_generate_messages_check_deps_FiducialTransform
[  0%] Built target geometry_msgs_generate_messages_py
[  0%] Built target std_msgs_generate_messages_nodejs
[  0%] Built target fiducial_msgs_generate_messages_nodejs
[  0%] Built target std_msgs_generate_messages_py
[  0%] Built target geometry_msgs_generate_messages_nodejs
[  0%] Built target fiducial_msgs_generate_messages_eus
[  0%] Built target std_msgs_generate_messages_eus
[  0%] Built target geometry_msgs_generate_messages_eus
[  0%] Built target fiducial_msgs_generate_messages_lisp
[  0%] Built target geometry_msgs_generate_messages_lisp
[  0%] Built target std_msgs_generate_messages_lisp
[  4%] [34m[1mGenerating C++ code from swarm_control_package/SpecialCommands.srv[0m
[  8%] [34m[1mGenerating Python code from SRV swarm_control_package/SpecialCommands[0m
[ 13%] [34m[1mGenerating EusLisp code from swarm_control_package/SpecialCommands.srv[0m
[ 17%] [34m[1mGenerating Javascript code from swarm_control_package/SpecialCommands.srv[0m
[ 30%] Built target swarm_control_package_generate_messages_nodejs
[ 34%] [34m[1mGenerating Lisp code from swarm_control_package/SpecialCommands.srv[0m
[ 52%] Built target swarm_control_package_generate_messages_eus
[ 65%] Built target swarm_control_package_generate_messages_lisp
[ 78%] Built target swarm_control_package_generate_messages_cpp
[ 82%] [34m[1mGenerating Python msg __init__.py for swarm_control_package[0m
[ 86%] [34m[1mGenerating Python srv __init__.py for swarm_control_package[0m
[100%] Built target swarm_control_package_generate_messages_py
[100%] Built target swarm_control_package_generate_messages
