[  0%] Built target fiducial_msgs_generate_messages_cpp
[  0%] Built target _swarm_control_package_generate_messages_check_deps_SpecialCommands
[  0%] Built target _swarm_control_package_generate_messages_check_deps_NewTarget
[  0%] Built target geometry_msgs_generate_messages_cpp
[  0%] Built target _swarm_control_package_generate_messages_check_deps_FiducialTransformArray
[  0%] Built target _swarm_control_package_generate_messages_check_deps_FiducialTransform
[  0%] Built target std_msgs_generate_messages_cpp
[  0%] Built target fiducial_msgs_generate_messages_py
[  0%] Built target geometry_msgs_generate_messages_py
[  0%] Built target std_msgs_generate_messages_py
[  0%] Built target std_msgs_generate_messages_nodejs
[  0%] Built target geometry_msgs_generate_messages_nodejs
[  0%] Built target fiducial_msgs_generate_messages_nodejs
[  0%] Built target fiducial_msgs_generate_messages_eus
[  0%] Built target std_msgs_generate_messages_eus
[  0%] Built target geometry_msgs_generate_messages_eus
[  0%] Built target fiducial_msgs_generate_messages_lisp
[  0%] Built target geometry_msgs_generate_messages_lisp
[  0%] Built target std_msgs_generate_messages_lisp
[ 17%] Built target swarm_control_package_generate_messages_cpp
[ 43%] Built target swarm_control_package_generate_messages_py
[ 60%] Built target swarm_control_package_generate_messages_nodejs
[ 82%] Built target swarm_control_package_generate_messages_eus
[100%] Built target swarm_control_package_generate_messages_lisp
[100%] Built target swarm_control_package_generate_messages
