[35m[1mScanning dependencies of target _swarm_control_package_generate_messages_check_deps_FiducialTransformArray[0m
[35m[1mScanning dependencies of target fiducial_msgs_generate_messages_cpp[0m
[  0%] Built target fiducial_msgs_generate_messages_cpp
[35m[1mScanning dependencies of target geometry_msgs_generate_messages_cpp[0m
[  0%] Built target geometry_msgs_generate_messages_cpp
[35m[1mScanning dependencies of target _swarm_control_package_generate_messages_check_deps_FiducialTransform[0m
[  0%] Built target _swarm_control_package_generate_messages_check_deps_FiducialTransformArray
[35m[1mScanning dependencies of target std_msgs_generate_messages_cpp[0m
[  0%] Built target std_msgs_generate_messages_cpp
[35m[1mScanning dependencies of target fiducial_msgs_generate_messages_py[0m
[  0%] Built target _swarm_control_package_generate_messages_check_deps_FiducialTransform
[  0%] Built target fiducial_msgs_generate_messages_py
[35m[1mScanning dependencies of target geometry_msgs_generate_messages_py[0m
[35m[1mScanning dependencies of target std_msgs_generate_messages_py[0m
[  0%] Built target geometry_msgs_generate_messages_py
[  0%] Built target std_msgs_generate_messages_py
[35m[1mScanning dependencies of target std_msgs_generate_messages_nodejs[0m
[35m[1mScanning dependencies of target geometry_msgs_generate_messages_nodejs[0m
[  0%] Built target std_msgs_generate_messages_nodejs
[  0%] Built target geometry_msgs_generate_messages_nodejs
[35m[1mScanning dependencies of target fiducial_msgs_generate_messages_nodejs[0m
[35m[1mScanning dependencies of target fiducial_msgs_generate_messages_eus[0m
[  0%] Built target fiducial_msgs_generate_messages_nodejs
[  0%] Built target fiducial_msgs_generate_messages_eus
[35m[1mScanning dependencies of target std_msgs_generate_messages_eus[0m
[35m[1mScanning dependencies of target geometry_msgs_generate_messages_eus[0m
[  0%] Built target std_msgs_generate_messages_eus
[  0%] Built target geometry_msgs_generate_messages_eus
[35m[1mScanning dependencies of target fiducial_msgs_generate_messages_lisp[0m
[35m[1mScanning dependencies of target geometry_msgs_generate_messages_lisp[0m
[  0%] Built target fiducial_msgs_generate_messages_lisp
[  0%] Built target geometry_msgs_generate_messages_lisp
[35m[1mScanning dependencies of target std_msgs_generate_messages_lisp[0m
[35m[1mScanning dependencies of target swarm_control_package_generate_messages_cpp[0m
[  0%] Built target std_msgs_generate_messages_lisp
[  8%] [34m[1mGenerating C++ code from swarm_control_package/FiducialTransform.msg[0m
[35m[1mScanning dependencies of target swarm_control_package_generate_messages_py[0m
[ 16%] [34m[1mGenerating Python from MSG swarm_control_package/FiducialTransform[0m
[ 25%] [34m[1mGenerating Python from MSG swarm_control_package/FiducialTransformArray[0m
[ 33%] [34m[1mGenerating C++ code from swarm_control_package/FiducialTransformArray.msg[0m
[35m[1mScanning dependencies of target swarm_control_package_generate_messages_nodejs[0m
[ 41%] [34m[1mGenerating Javascript code from swarm_control_package/FiducialTransform.msg[0m
[ 50%] [34m[1mGenerating Javascript code from swarm_control_package/FiducialTransformArray.msg[0m
[ 50%] Built target swarm_control_package_generate_messages_cpp
[35m[1mScanning dependencies of target swarm_control_package_generate_messages_eus[0m
[ 58%] [34m[1mGenerating EusLisp code from swarm_control_package/FiducialTransform.msg[0m
[ 66%] [34m[1mGenerating Python msg __init__.py for swarm_control_package[0m
[ 66%] Built target swarm_control_package_generate_messages_nodejs
[35m[1mScanning dependencies of target swarm_control_package_generate_messages_lisp[0m
[ 75%] [34m[1mGenerating Lisp code from swarm_control_package/FiducialTransform.msg[0m
[ 83%] [34m[1mGenerating EusLisp code from swarm_control_package/FiducialTransformArray.msg[0m
[ 91%] [34m[1mGenerating Lisp code from swarm_control_package/FiducialTransformArray.msg[0m
[ 91%] Built target swarm_control_package_generate_messages_lisp
[100%] [34m[1mGenerating EusLisp manifest code for swarm_control_package[0m
[100%] Built target swarm_control_package_generate_messages_py
[100%] Built target swarm_control_package_generate_messages_eus
[35m[1mScanning dependencies of target swarm_control_package_generate_messages[0m
[100%] Built target swarm_control_package_generate_messages
