[  0%] Built target fiducial_msgs_generate_messages_cpp
[35m[1mScanning dependencies of target _swarm_control_package_generate_messages_check_deps_SpecialCommands[0m
[  0%] Built target _swarm_control_package_generate_messages_check_deps_NewTarget
[  0%] Built target _swarm_control_package_generate_messages_check_deps_SpecialCommands
[  0%] Built target geometry_msgs_generate_messages_cpp
[  0%] Built target _swarm_control_package_generate_messages_check_deps_FiducialTransformArray
[  0%] Built target std_msgs_generate_messages_cpp
[  0%] Built target fiducial_msgs_generate_messages_py
[  0%] Built target _swarm_control_package_generate_messages_check_deps_FiducialTransform
[  0%] Built target std_msgs_generate_messages_py
[  0%] Built target geometry_msgs_generate_messages_py
[  0%] Built target std_msgs_generate_messages_nodejs
[  0%] Built target geometry_msgs_generate_messages_nodejs
[  0%] Built target fiducial_msgs_generate_messages_nodejs
[  0%] Built target fiducial_msgs_generate_messages_eus
[  0%] Built target std_msgs_generate_messages_eus
[  0%] Built target geometry_msgs_generate_messages_eus
[  0%] Built target fiducial_msgs_generate_messages_lisp
[  0%] Built target geometry_msgs_generate_messages_lisp
[  0%] Built target std_msgs_generate_messages_lisp
[  4%] [34m[1mGenerating C++ code from swarm_control_package/SpecialCommands.srv[0m
[  8%] [34m[1mGenerating Python code from SRV swarm_control_package/SpecialCommands[0m
[ 13%] [34m[1mGenerating Javascript code from swarm_control_package/SpecialCommands.srv[0m
[ 26%] Built target swarm_control_package_generate_messages_nodejs
[ 30%] [34m[1mGenerating EusLisp code from swarm_control_package/SpecialCommands.srv[0m
[ 47%] Built target swarm_control_package_generate_messages_eus
[ 52%] [34m[1mGenerating Python msg __init__.py for swarm_control_package[0m
[ 56%] [34m[1mGenerating Lisp code from swarm_control_package/SpecialCommands.srv[0m
[ 69%] Built target swarm_control_package_generate_messages_cpp
[ 73%] [34m[1mGenerating Python srv __init__.py for swarm_control_package[0m
[ 86%] Built target swarm_control_package_generate_messages_lisp
[100%] Built target swarm_control_package_generate_messages_py
[100%] Built target swarm_control_package_generate_messages
