Linked: (/home/grsh/catkin_ws05/devel/.private/swarm_control_package/share/swarm_control_package/cmake/swarm_control_package-msg-paths.cmake, /home/grsh/catkin_ws05/devel/share/swarm_control_package/cmake/swarm_control_package-msg-paths.cmake)
Linked: (/home/grsh/catkin_ws05/devel/.private/swarm_control_package/share/swarm_control_package/cmake/swarm_control_packageConfig-version.cmake, /home/grsh/catkin_ws05/devel/share/swarm_control_package/cmake/swarm_control_packageConfig-version.cmake)
Linked: (/home/grsh/catkin_ws05/devel/.private/swarm_control_package/share/swarm_control_package/cmake/swarm_control_package-msg-extras.cmake, /home/grsh/catkin_ws05/devel/share/swarm_control_package/cmake/swarm_control_package-msg-extras.cmake)
Linked: (/home/grsh/catkin_ws05/devel/.private/swarm_control_package/share/swarm_control_package/cmake/swarm_control_packageConfig.cmake, /home/grsh/catkin_ws05/devel/share/swarm_control_package/cmake/swarm_control_packageConfig.cmake)
Linked: (/home/grsh/catkin_ws05/devel/.private/swarm_control_package/share/roseus/ros/swarm_control_package/manifest.l, /home/grsh/catkin_ws05/devel/share/roseus/ros/swarm_control_package/manifest.l)
Linked: (/home/grsh/catkin_ws05/devel/.private/swarm_control_package/share/roseus/ros/swarm_control_package/msg/FiducialTransform.l, /home/grsh/catkin_ws05/devel/share/roseus/ros/swarm_control_package/msg/FiducialTransform.l)
Linked: (/home/grsh/catkin_ws05/devel/.private/swarm_control_package/share/roseus/ros/swarm_control_package/msg/FiducialTransformArray.l, /home/grsh/catkin_ws05/devel/share/roseus/ros/swarm_control_package/msg/FiducialTransformArray.l)
Linked: (/home/grsh/catkin_ws05/devel/.private/swarm_control_package/share/roseus/ros/swarm_control_package/srv/SpecialCommands.l, /home/grsh/catkin_ws05/devel/share/roseus/ros/swarm_control_package/srv/SpecialCommands.l)
Linked: (/home/grsh/catkin_ws05/devel/.private/swarm_control_package/share/roseus/ros/swarm_control_package/srv/NewTarget.l, /home/grsh/catkin_ws05/devel/share/roseus/ros/swarm_control_package/srv/NewTarget.l)
Linked: (/home/grsh/catkin_ws05/devel/.private/swarm_control_package/share/common-lisp/ros/swarm_control_package/msg/_package_FiducialTransform.lisp, /home/grsh/catkin_ws05/devel/share/common-lisp/ros/swarm_control_package/msg/_package_FiducialTransform.lisp)
Linked: (/home/grsh/catkin_ws05/devel/.private/swarm_control_package/share/common-lisp/ros/swarm_control_package/msg/FiducialTransform.lisp, /home/grsh/catkin_ws05/devel/share/common-lisp/ros/swarm_control_package/msg/FiducialTransform.lisp)
Linked: (/home/grsh/catkin_ws05/devel/.private/swarm_control_package/share/common-lisp/ros/swarm_control_package/msg/swarm_control_package-msg.asd, /home/grsh/catkin_ws05/devel/share/common-lisp/ros/swarm_control_package/msg/swarm_control_package-msg.asd)
Linked: (/home/grsh/catkin_ws05/devel/.private/swarm_control_package/share/common-lisp/ros/swarm_control_package/msg/_package.lisp, /home/grsh/catkin_ws05/devel/share/common-lisp/ros/swarm_control_package/msg/_package.lisp)
Linked: (/home/grsh/catkin_ws05/devel/.private/swarm_control_package/share/common-lisp/ros/swarm_control_package/msg/_package_FiducialTransformArray.lisp, /home/grsh/catkin_ws05/devel/share/common-lisp/ros/swarm_control_package/msg/_package_FiducialTransformArray.lisp)
Linked: (/home/grsh/catkin_ws05/devel/.private/swarm_control_package/share/common-lisp/ros/swarm_control_package/msg/FiducialTransformArray.lisp, /home/grsh/catkin_ws05/devel/share/common-lisp/ros/swarm_control_package/msg/FiducialTransformArray.lisp)
Linked: (/home/grsh/catkin_ws05/devel/.private/swarm_control_package/share/common-lisp/ros/swarm_control_package/srv/NewTarget.lisp, /home/grsh/catkin_ws05/devel/share/common-lisp/ros/swarm_control_package/srv/NewTarget.lisp)
Linked: (/home/grsh/catkin_ws05/devel/.private/swarm_control_package/share/common-lisp/ros/swarm_control_package/srv/_package_SpecialCommands.lisp, /home/grsh/catkin_ws05/devel/share/common-lisp/ros/swarm_control_package/srv/_package_SpecialCommands.lisp)
Linked: (/home/grsh/catkin_ws05/devel/.private/swarm_control_package/share/common-lisp/ros/swarm_control_package/srv/swarm_control_package-srv.asd, /home/grsh/catkin_ws05/devel/share/common-lisp/ros/swarm_control_package/srv/swarm_control_package-srv.asd)
Linked: (/home/grsh/catkin_ws05/devel/.private/swarm_control_package/share/common-lisp/ros/swarm_control_package/srv/SpecialCommands.lisp, /home/grsh/catkin_ws05/devel/share/common-lisp/ros/swarm_control_package/srv/SpecialCommands.lisp)
Linked: (/home/grsh/catkin_ws05/devel/.private/swarm_control_package/share/common-lisp/ros/swarm_control_package/srv/_package_NewTarget.lisp, /home/grsh/catkin_ws05/devel/share/common-lisp/ros/swarm_control_package/srv/_package_NewTarget.lisp)
Linked: (/home/grsh/catkin_ws05/devel/.private/swarm_control_package/share/common-lisp/ros/swarm_control_package/srv/_package.lisp, /home/grsh/catkin_ws05/devel/share/common-lisp/ros/swarm_control_package/srv/_package.lisp)
Linked: (/home/grsh/catkin_ws05/devel/.private/swarm_control_package/share/gennodejs/ros/swarm_control_package/_index.js, /home/grsh/catkin_ws05/devel/share/gennodejs/ros/swarm_control_package/_index.js)
Linked: (/home/grsh/catkin_ws05/devel/.private/swarm_control_package/share/gennodejs/ros/swarm_control_package/msg/FiducialTransformArray.js, /home/grsh/catkin_ws05/devel/share/gennodejs/ros/swarm_control_package/msg/FiducialTransformArray.js)
Linked: (/home/grsh/catkin_ws05/devel/.private/swarm_control_package/share/gennodejs/ros/swarm_control_package/msg/_index.js, /home/grsh/catkin_ws05/devel/share/gennodejs/ros/swarm_control_package/msg/_index.js)
Linked: (/home/grsh/catkin_ws05/devel/.private/swarm_control_package/share/gennodejs/ros/swarm_control_package/msg/FiducialTransform.js, /home/grsh/catkin_ws05/devel/share/gennodejs/ros/swarm_control_package/msg/FiducialTransform.js)
Linked: (/home/grsh/catkin_ws05/devel/.private/swarm_control_package/share/gennodejs/ros/swarm_control_package/srv/NewTarget.js, /home/grsh/catkin_ws05/devel/share/gennodejs/ros/swarm_control_package/srv/NewTarget.js)
Linked: (/home/grsh/catkin_ws05/devel/.private/swarm_control_package/share/gennodejs/ros/swarm_control_package/srv/SpecialCommands.js, /home/grsh/catkin_ws05/devel/share/gennodejs/ros/swarm_control_package/srv/SpecialCommands.js)
Linked: (/home/grsh/catkin_ws05/devel/.private/swarm_control_package/share/gennodejs/ros/swarm_control_package/srv/_index.js, /home/grsh/catkin_ws05/devel/share/gennodejs/ros/swarm_control_package/srv/_index.js)
Linked: (/home/grsh/catkin_ws05/devel/.private/swarm_control_package/lib/python3/dist-packages/swarm_control_package/__init__.py, /home/grsh/catkin_ws05/devel/lib/python3/dist-packages/swarm_control_package/__init__.py)
Linked: (/home/grsh/catkin_ws05/devel/.private/swarm_control_package/lib/python3/dist-packages/swarm_control_package/msg/_FiducialTransformArray.py, /home/grsh/catkin_ws05/devel/lib/python3/dist-packages/swarm_control_package/msg/_FiducialTransformArray.py)
Linked: (/home/grsh/catkin_ws05/devel/.private/swarm_control_package/lib/python3/dist-packages/swarm_control_package/msg/__init__.py, /home/grsh/catkin_ws05/devel/lib/python3/dist-packages/swarm_control_package/msg/__init__.py)
Linked: (/home/grsh/catkin_ws05/devel/.private/swarm_control_package/lib/python3/dist-packages/swarm_control_package/msg/_FiducialTransform.py, /home/grsh/catkin_ws05/devel/lib/python3/dist-packages/swarm_control_package/msg/_FiducialTransform.py)
Linked: (/home/grsh/catkin_ws05/devel/.private/swarm_control_package/lib/python3/dist-packages/swarm_control_package/srv/_SpecialCommands.py, /home/grsh/catkin_ws05/devel/lib/python3/dist-packages/swarm_control_package/srv/_SpecialCommands.py)
Linked: (/home/grsh/catkin_ws05/devel/.private/swarm_control_package/lib/python3/dist-packages/swarm_control_package/srv/__init__.py, /home/grsh/catkin_ws05/devel/lib/python3/dist-packages/swarm_control_package/srv/__init__.py)
Linked: (/home/grsh/catkin_ws05/devel/.private/swarm_control_package/lib/python3/dist-packages/swarm_control_package/srv/_NewTarget.py, /home/grsh/catkin_ws05/devel/lib/python3/dist-packages/swarm_control_package/srv/_NewTarget.py)
Linked: (/home/grsh/catkin_ws05/devel/.private/swarm_control_package/lib/swarm_control_package/swarm_control_program_node.py, /home/grsh/catkin_ws05/devel/lib/swarm_control_package/swarm_control_program_node.py)
Linked: (/home/grsh/catkin_ws05/devel/.private/swarm_control_package/lib/swarm_control_package/cmake.lock, /home/grsh/catkin_ws05/devel/lib/swarm_control_package/cmake.lock)
Linked: (/home/grsh/catkin_ws05/devel/.private/swarm_control_package/lib/pkgconfig/swarm_control_package.pc, /home/grsh/catkin_ws05/devel/lib/pkgconfig/swarm_control_package.pc)
Linked: (/home/grsh/catkin_ws05/devel/.private/swarm_control_package/include/swarm_control_package/NewTarget.h, /home/grsh/catkin_ws05/devel/include/swarm_control_package/NewTarget.h)
Linked: (/home/grsh/catkin_ws05/devel/.private/swarm_control_package/include/swarm_control_package/FiducialTransform.h, /home/grsh/catkin_ws05/devel/include/swarm_control_package/FiducialTransform.h)
Linked: (/home/grsh/catkin_ws05/devel/.private/swarm_control_package/include/swarm_control_package/SpecialCommandsResponse.h, /home/grsh/catkin_ws05/devel/include/swarm_control_package/SpecialCommandsResponse.h)
Linked: (/home/grsh/catkin_ws05/devel/.private/swarm_control_package/include/swarm_control_package/NewTargetResponse.h, /home/grsh/catkin_ws05/devel/include/swarm_control_package/NewTargetResponse.h)
Linked: (/home/grsh/catkin_ws05/devel/.private/swarm_control_package/include/swarm_control_package/SpecialCommandsRequest.h, /home/grsh/catkin_ws05/devel/include/swarm_control_package/SpecialCommandsRequest.h)
Linked: (/home/grsh/catkin_ws05/devel/.private/swarm_control_package/include/swarm_control_package/SpecialCommands.h, /home/grsh/catkin_ws05/devel/include/swarm_control_package/SpecialCommands.h)
Linked: (/home/grsh/catkin_ws05/devel/.private/swarm_control_package/include/swarm_control_package/FiducialTransformArray.h, /home/grsh/catkin_ws05/devel/include/swarm_control_package/FiducialTransformArray.h)
Linked: (/home/grsh/catkin_ws05/devel/.private/swarm_control_package/include/swarm_control_package/NewTargetRequest.h, /home/grsh/catkin_ws05/devel/include/swarm_control_package/NewTargetRequest.h)
