[35m[1mScanning dependencies of target ualberta.xml-v2.0[0m
[35m[1mScanning dependencies of target icarous.xml-v1.0[0m
[  3%] [34m[1mGenerating include/v1.0/icarous/icarous.h[0m
[  6%] [34m[1mGenerating ualberta-v2.0-cxx-stamp[0m
Validating /home/grsh/catkin_ws05/src/mavlink/message_definitions/v1.0/ualberta.xml
Validating /home/grsh/catkin_ws05/src/mavlink/message_definitions/v1.0/icarous.xml
Parsing /home/grsh/catkin_ws05/src/mavlink/message_definitions/v1.0/ualberta.xml
Parsing /home/grsh/catkin_ws05/src/mavlink/message_definitions/v1.0/icarous.xml
Found 0 MAVLink message types in 1 XML files
Validating /home/grsh/catkin_ws05/src/mavlink/message_definitions/v1.0/common.xml
Generating C implementation in directory include/v1.0/icarous
Copying fixed headers for protocol 1.0 to include/v1.0
[  6%] Built target icarous.xml-v1.0
Parsing /home/grsh/catkin_ws05/src/mavlink/message_definitions/v1.0/common.xml
[35m[1mScanning dependencies of target csAirLink.xml-v1.0[0m
[ 10%] [34m[1mGenerating include/v1.0/csAirLink/csAirLink.h[0m
Validating /home/grsh/catkin_ws05/src/mavlink/message_definitions/v1.0/csAirLink.xml
Parsing /home/grsh/catkin_ws05/src/mavlink/message_definitions/v1.0/csAirLink.xml
Found 0 MAVLink message types in 1 XML files
Generating C implementation in directory include/v1.0/csAirLink
Copying fixed headers for protocol 1.0 to include/v1.0
[ 10%] Built target csAirLink.xml-v1.0
Validating /home/grsh/catkin_ws05/src/mavlink/message_definitions/v1.0/standard.xml
Parsing /home/grsh/catkin_ws05/src/mavlink/message_definitions/v1.0/standard.xml
Validating /home/grsh/catkin_ws05/src/mavlink/message_definitions/v1.0/minimal.xml
Parsing /home/grsh/catkin_ws05/src/mavlink/message_definitions/v1.0/minimal.xml
[35m[1mScanning dependencies of target cubepilot.xml-v2.0[0m
Found 226 MAVLink message types in 4 XML files
Generating C headers
Generating C implementation in directory include/v2.0/ualberta
[ 13%] [34m[1mGenerating cubepilot-v2.0-cxx-stamp[0m
Generating C implementation in directory include/v2.0/common
Validating /home/grsh/catkin_ws05/src/mavlink/message_definitions/v1.0/cubepilot.xml
Parsing /home/grsh/catkin_ws05/src/mavlink/message_definitions/v1.0/cubepilot.xml
Validating /home/grsh/catkin_ws05/src/mavlink/message_definitions/v1.0/common.xml
Parsing /home/grsh/catkin_ws05/src/mavlink/message_definitions/v1.0/common.xml
Validating /home/grsh/catkin_ws05/src/mavlink/message_definitions/v1.0/standard.xml
Parsing /home/grsh/catkin_ws05/src/mavlink/message_definitions/v1.0/standard.xml
Validating /home/grsh/catkin_ws05/src/mavlink/message_definitions/v1.0/minimal.xml
Parsing /home/grsh/catkin_ws05/src/mavlink/message_definitions/v1.0/minimal.xml
Found 228 MAVLink message types in 4 XML files
Generating C headers
Generating C implementation in directory include/v2.0/cubepilot
Generating C implementation in directory include/v2.0/common
Generating C implementation in directory include/v2.0/standard
Generating C implementation in directory include/v2.0/minimal
Copying fixed headers for protocol 2.0 to include/v2.0
Generating C++ implementation in directory include/v2.0/ualberta
Generating C++ implementation in directory include/v2.0/common
Generating C++ implementation in directory include/v2.0/standard
Generating C++ implementation in directory include/v2.0/minimal
Copying fixed C++ headers for protocol 2.0 to include/v2.0
Generating C implementation in directory include/v2.0/standard
Generating C implementation in directory include/v2.0/minimal
Copying fixed headers for protocol 2.0 to include/v2.0
Generating C++ implementation in directory include/v2.0/cubepilot
Generating C++ implementation in directory include/v2.0/common
[ 13%] Built target ualberta.xml-v2.0
[35m[1mScanning dependencies of target storm32.xml-v1.0[0m
[ 16%] [34m[1mGenerating include/v1.0/storm32/storm32.h[0m
Validating /home/grsh/catkin_ws05/src/mavlink/message_definitions/v1.0/storm32.xml
Parsing /home/grsh/catkin_ws05/src/mavlink/message_definitions/v1.0/storm32.xml
Validating /home/grsh/catkin_ws05/src/mavlink/message_definitions/v1.0/ardupilotmega.xml
Parsing /home/grsh/catkin_ws05/src/mavlink/message_definitions/v1.0/ardupilotmega.xml
Validating /home/grsh/catkin_ws05/src/mavlink/message_definitions/v1.0/common.xml
Parsing /home/grsh/catkin_ws05/src/mavlink/message_definitions/v1.0/common.xml
Generating C++ implementation in directory include/v2.0/standard
Generating C++ implementation in directory include/v2.0/minimal
Copying fixed C++ headers for protocol 2.0 to include/v2.0
[ 16%] Built target cubepilot.xml-v2.0
[35m[1mScanning dependencies of target uAvionix.xml-v1.0[0m
[ 20%] [34m[1mGenerating include/v1.0/uAvionix/uAvionix.h[0m
Validating /home/grsh/catkin_ws05/src/mavlink/message_definitions/v1.0/uAvionix.xml
Parsing /home/grsh/catkin_ws05/src/mavlink/message_definitions/v1.0/uAvionix.xml
Validating /home/grsh/catkin_ws05/src/mavlink/message_definitions/v1.0/icarous.xml
Parsing /home/grsh/catkin_ws05/src/mavlink/message_definitions/v1.0/icarous.xml
Validating /home/grsh/catkin_ws05/src/mavlink/message_definitions/v1.0/cubepilot.xml
Parsing /home/grsh/catkin_ws05/src/mavlink/message_definitions/v1.0/cubepilot.xml
Validating /home/grsh/catkin_ws05/src/mavlink/message_definitions/v1.0/csAirLink.xml
Parsing /home/grsh/catkin_ws05/src/mavlink/message_definitions/v1.0/csAirLink.xml
Validating /home/grsh/catkin_ws05/src/mavlink/message_definitions/v1.0/standard.xml
Parsing /home/grsh/catkin_ws05/src/mavlink/message_definitions/v1.0/standard.xml
Validating /home/grsh/catkin_ws05/src/mavlink/message_definitions/v1.0/minimal.xml
Parsing /home/grsh/catkin_ws05/src/mavlink/message_definitions/v1.0/minimal.xml
Merged enum MAV_CMD
Merged enum MAV_CMD
Found 190 MAVLink message types in 9 XML files
Generating C implementation in directory include/v1.0/storm32
Validating /home/grsh/catkin_ws05/src/mavlink/message_definitions/v1.0/uAvionix.xml
Generating C implementation in directory include/v1.0/ardupilotmega
Parsing /home/grsh/catkin_ws05/src/mavlink/message_definitions/v1.0/uAvionix.xml
Validating /home/grsh/catkin_ws05/src/mavlink/message_definitions/v1.0/common.xml
Parsing /home/grsh/catkin_ws05/src/mavlink/message_definitions/v1.0/common.xml
Generating C implementation in directory include/v1.0/common
Validating /home/grsh/catkin_ws05/src/mavlink/message_definitions/v1.0/standard.xml
Parsing /home/grsh/catkin_ws05/src/mavlink/message_definitions/v1.0/standard.xml
Validating /home/grsh/catkin_ws05/src/mavlink/message_definitions/v1.0/minimal.xml
Parsing /home/grsh/catkin_ws05/src/mavlink/message_definitions/v1.0/minimal.xml
Found 142 MAVLink message types in 4 XML files
Generating C implementation in directory include/v1.0/uAvionix
Generating C implementation in directory include/v1.0/common
Generating C implementation in directory include/v1.0/uAvionix
Generating C implementation in directory include/v1.0/icarous
Generating C implementation in directory include/v1.0/cubepilot
Generating C implementation in directory include/v1.0/csAirLink
Generating C implementation in directory include/v1.0/standard
Generating C implementation in directory include/v1.0/minimal
Copying fixed headers for protocol 1.0 to include/v1.0
[ 20%] Built target storm32.xml-v1.0
[35m[1mScanning dependencies of target ualberta.xml-v1.0[0m
Generating C implementation in directory include/v1.0/standard
[ 23%] [34m[1mGenerating include/v1.0/ualberta/ualberta.h[0m
Generating C implementation in directory include/v1.0/minimal
Copying fixed headers for protocol 1.0 to include/v1.0
[ 23%] Built target uAvionix.xml-v1.0
[35m[1mScanning dependencies of target paparazzi.xml-v2.0[0m
[ 26%] [34m[1mGenerating paparazzi-v2.0-cxx-stamp[0m
Validating /home/grsh/catkin_ws05/src/mavlink/message_definitions/v1.0/ualberta.xml
Parsing /home/grsh/catkin_ws05/src/mavlink/message_definitions/v1.0/ualberta.xml
Validating /home/grsh/catkin_ws05/src/mavlink/message_definitions/v1.0/common.xml
Parsing /home/grsh/catkin_ws05/src/mavlink/message_definitions/v1.0/common.xml
Validating /home/grsh/catkin_ws05/src/mavlink/message_definitions/v1.0/paparazzi.xml
Parsing /home/grsh/catkin_ws05/src/mavlink/message_definitions/v1.0/paparazzi.xml
Validating /home/grsh/catkin_ws05/src/mavlink/message_definitions/v1.0/common.xml
Parsing /home/grsh/catkin_ws05/src/mavlink/message_definitions/v1.0/common.xml
Validating /home/grsh/catkin_ws05/src/mavlink/message_definitions/v1.0/standard.xml
Parsing /home/grsh/catkin_ws05/src/mavlink/message_definitions/v1.0/standard.xml
Validating /home/grsh/catkin_ws05/src/mavlink/message_definitions/v1.0/minimal.xml
Parsing /home/grsh/catkin_ws05/src/mavlink/message_definitions/v1.0/minimal.xml
Found 145 MAVLink message types in 4 XML files
Generating C implementation in directory include/v1.0/ualberta
Generating C implementation in directory include/v1.0/common
Validating /home/grsh/catkin_ws05/src/mavlink/message_definitions/v1.0/standard.xml
Parsing /home/grsh/catkin_ws05/src/mavlink/message_definitions/v1.0/standard.xml
Validating /home/grsh/catkin_ws05/src/mavlink/message_definitions/v1.0/minimal.xml
Parsing /home/grsh/catkin_ws05/src/mavlink/message_definitions/v1.0/minimal.xml
Found 228 MAVLink message types in 4 XML files
Generating C headers
Generating C implementation in directory include/v2.0/paparazzi
Generating C implementation in directory include/v2.0/common
Generating C implementation in directory include/v1.0/standard
Generating C implementation in directory include/v1.0/minimal
Copying fixed headers for protocol 1.0 to include/v1.0
[ 26%] Built target ualberta.xml-v1.0
Generating C implementation in directory include/v2.0/standard
Generating C implementation in directory include/v2.0/minimal
Copying fixed headers for protocol 2.0 to include/v2.0
Generating C++ implementation in directory include/v2.0/paparazzi
Generating C++ implementation in directory include/v2.0/common
Generating C++ implementation in directory include/v2.0/standard
Generating C++ implementation in directory include/v2.0/minimal
Copying fixed C++ headers for protocol 2.0 to include/v2.0
[ 26%] Built target paparazzi.xml-v2.0
[35m[1mScanning dependencies of target paparazzi.xml-v1.0[0m
[ 30%] [34m[1mGenerating include/v1.0/paparazzi/paparazzi.h[0m
Validating /home/grsh/catkin_ws05/src/mavlink/message_definitions/v1.0/paparazzi.xml
Parsing /home/grsh/catkin_ws05/src/mavlink/message_definitions/v1.0/paparazzi.xml
Validating /home/grsh/catkin_ws05/src/mavlink/message_definitions/v1.0/common.xml
Parsing /home/grsh/catkin_ws05/src/mavlink/message_definitions/v1.0/common.xml
Validating /home/grsh/catkin_ws05/src/mavlink/message_definitions/v1.0/standard.xml
Parsing /home/grsh/catkin_ws05/src/mavlink/message_definitions/v1.0/standard.xml
Validating /home/grsh/catkin_ws05/src/mavlink/message_definitions/v1.0/minimal.xml
Parsing /home/grsh/catkin_ws05/src/mavlink/message_definitions/v1.0/minimal.xml
Found 147 MAVLink message types in 4 XML files
Generating C implementation in directory include/v1.0/paparazzi
Generating C implementation in directory include/v1.0/common
Generating C implementation in directory include/v1.0/standard
Generating C implementation in directory include/v1.0/minimal
Copying fixed headers for protocol 1.0 to include/v1.0
[ 30%] Built target paparazzi.xml-v1.0
[35m[1mScanning dependencies of target standard.xml-v1.0[0m
[ 33%] Built target standard.xml-v1.0
[35m[1mScanning dependencies of target cubepilot.xml-v1.0[0m
[ 36%] Built target cubepilot.xml-v1.0
[35m[1mScanning dependencies of target uAvionix.xml-v2.0[0m
[ 40%] [34m[1mGenerating uAvionix-v2.0-cxx-stamp[0m
Validating /home/grsh/catkin_ws05/src/mavlink/message_definitions/v1.0/uAvionix.xml
Parsing /home/grsh/catkin_ws05/src/mavlink/message_definitions/v1.0/uAvionix.xml
Validating /home/grsh/catkin_ws05/src/mavlink/message_definitions/v1.0/common.xml
Parsing /home/grsh/catkin_ws05/src/mavlink/message_definitions/v1.0/common.xml
Validating /home/grsh/catkin_ws05/src/mavlink/message_definitions/v1.0/standard.xml
Parsing /home/grsh/catkin_ws05/src/mavlink/message_definitions/v1.0/standard.xml
Validating /home/grsh/catkin_ws05/src/mavlink/message_definitions/v1.0/minimal.xml
Parsing /home/grsh/catkin_ws05/src/mavlink/message_definitions/v1.0/minimal.xml
Found 226 MAVLink message types in 4 XML files
Generating C headers
Generating C implementation in directory include/v2.0/uAvionix
Generating C implementation in directory include/v2.0/common
Generating C implementation in directory include/v2.0/standard
Generating C implementation in directory include/v2.0/minimal
Copying fixed headers for protocol 2.0 to include/v2.0
Generating C++ implementation in directory include/v2.0/uAvionix
Generating C++ implementation in directory include/v2.0/common
Generating C++ implementation in directory include/v2.0/standard
Generating C++ implementation in directory include/v2.0/minimal
Copying fixed C++ headers for protocol 2.0 to include/v2.0
[ 40%] Built target uAvionix.xml-v2.0
[35m[1mScanning dependencies of target all.xml-v1.0[0m
[ 43%] [34m[1mGenerating include/v1.0/all/all.h[0m
Validating /home/grsh/catkin_ws05/src/mavlink/message_definitions/v1.0/all.xml
Parsing /home/grsh/catkin_ws05/src/mavlink/message_definitions/v1.0/all.xml
Validating /home/grsh/catkin_ws05/src/mavlink/message_definitions/v1.0/ardupilotmega.xml
Parsing /home/grsh/catkin_ws05/src/mavlink/message_definitions/v1.0/ardupilotmega.xml
Validating /home/grsh/catkin_ws05/src/mavlink/message_definitions/v1.0/ASLUAV.xml
Parsing /home/grsh/catkin_ws05/src/mavlink/message_definitions/v1.0/ASLUAV.xml
Validating /home/grsh/catkin_ws05/src/mavlink/message_definitions/v1.0/common.xml
Parsing /home/grsh/catkin_ws05/src/mavlink/message_definitions/v1.0/common.xml
Validating /home/grsh/catkin_ws05/src/mavlink/message_definitions/v1.0/development.xml
Parsing /home/grsh/catkin_ws05/src/mavlink/message_definitions/v1.0/development.xml
Validating /home/grsh/catkin_ws05/src/mavlink/message_definitions/v1.0/icarous.xml
Parsing /home/grsh/catkin_ws05/src/mavlink/message_definitions/v1.0/icarous.xml
Validating /home/grsh/catkin_ws05/src/mavlink/message_definitions/v1.0/minimal.xml
Parsing /home/grsh/catkin_ws05/src/mavlink/message_definitions/v1.0/minimal.xml
Validating /home/grsh/catkin_ws05/src/mavlink/message_definitions/v1.0/python_array_test.xml
Parsing /home/grsh/catkin_ws05/src/mavlink/message_definitions/v1.0/python_array_test.xml
Validating /home/grsh/catkin_ws05/src/mavlink/message_definitions/v1.0/standard.xml
Parsing /home/grsh/catkin_ws05/src/mavlink/message_definitions/v1.0/standard.xml
Validating /home/grsh/catkin_ws05/src/mavlink/message_definitions/v1.0/test.xml
Parsing /home/grsh/catkin_ws05/src/mavlink/message_definitions/v1.0/test.xml
Validating /home/grsh/catkin_ws05/src/mavlink/message_definitions/v1.0/ualberta.xml
Parsing /home/grsh/catkin_ws05/src/mavlink/message_definitions/v1.0/ualberta.xml
Validating /home/grsh/catkin_ws05/src/mavlink/message_definitions/v1.0/uAvionix.xml
Parsing /home/grsh/catkin_ws05/src/mavlink/message_definitions/v1.0/uAvionix.xml
Validating /home/grsh/catkin_ws05/src/mavlink/message_definitions/v1.0/storm32.xml
Parsing /home/grsh/catkin_ws05/src/mavlink/message_definitions/v1.0/storm32.xml
Validating /home/grsh/catkin_ws05/src/mavlink/message_definitions/v1.0/AVSSUAS.xml
Parsing /home/grsh/catkin_ws05/src/mavlink/message_definitions/v1.0/AVSSUAS.xml
Validating /home/grsh/catkin_ws05/src/mavlink/message_definitions/v1.0/cubepilot.xml
Parsing /home/grsh/catkin_ws05/src/mavlink/message_definitions/v1.0/cubepilot.xml
Validating /home/grsh/catkin_ws05/src/mavlink/message_definitions/v1.0/csAirLink.xml
Parsing /home/grsh/catkin_ws05/src/mavlink/message_definitions/v1.0/csAirLink.xml
Merged enum MAV_CMD
Merged enum MAV_CMD
Merged enum MAV_CMD
Merged enum MAV_CMD
Merged enum MAV_CMD
Found 196 MAVLink message types in 16 XML files
Generating C implementation in directory include/v1.0/all
Generating C implementation in directory include/v1.0/ardupilotmega
Generating C implementation in directory include/v1.0/ASLUAV
Generating C implementation in directory include/v1.0/common
Generating C implementation in directory include/v1.0/development
Generating C implementation in directory include/v1.0/icarous
Generating C implementation in directory include/v1.0/minimal
Generating C implementation in directory include/v1.0/python_array_test
Generating C implementation in directory include/v1.0/standard
Generating C implementation in directory include/v1.0/test
Generating C implementation in directory include/v1.0/ualberta
Generating C implementation in directory include/v1.0/uAvionix
Generating C implementation in directory include/v1.0/storm32
Generating C implementation in directory include/v1.0/AVSSUAS
Generating C implementation in directory include/v1.0/cubepilot
Generating C implementation in directory include/v1.0/csAirLink
Copying fixed headers for protocol 1.0 to include/v1.0
[ 43%] Built target all.xml-v1.0
[35m[1mScanning dependencies of target ardupilotmega.xml-v1.0[0m
[ 46%] Built target ardupilotmega.xml-v1.0
[35m[1mScanning dependencies of target all.xml-v2.0[0m
[ 50%] [34m[1mGenerating all-v2.0-cxx-stamp[0m
Validating /home/grsh/catkin_ws05/src/mavlink/message_definitions/v1.0/all.xml
Parsing /home/grsh/catkin_ws05/src/mavlink/message_definitions/v1.0/all.xml
Validating /home/grsh/catkin_ws05/src/mavlink/message_definitions/v1.0/ardupilotmega.xml
Parsing /home/grsh/catkin_ws05/src/mavlink/message_definitions/v1.0/ardupilotmega.xml
Validating /home/grsh/catkin_ws05/src/mavlink/message_definitions/v1.0/ASLUAV.xml
Parsing /home/grsh/catkin_ws05/src/mavlink/message_definitions/v1.0/ASLUAV.xml
Validating /home/grsh/catkin_ws05/src/mavlink/message_definitions/v1.0/common.xml
Parsing /home/grsh/catkin_ws05/src/mavlink/message_definitions/v1.0/common.xml
[35m[1mScanning dependencies of target icarous.xml-v2.0[0m
[ 53%] [34m[1mGenerating icarous-v2.0-cxx-stamp[0m
Validating /home/grsh/catkin_ws05/src/mavlink/message_definitions/v1.0/development.xml
Parsing /home/grsh/catkin_ws05/src/mavlink/message_definitions/v1.0/development.xml
Validating /home/grsh/catkin_ws05/src/mavlink/message_definitions/v1.0/icarous.xml
Parsing /home/grsh/catkin_ws05/src/mavlink/message_definitions/v1.0/icarous.xml
Validating /home/grsh/catkin_ws05/src/mavlink/message_definitions/v1.0/minimal.xml
Parsing /home/grsh/catkin_ws05/src/mavlink/message_definitions/v1.0/minimal.xml
Validating /home/grsh/catkin_ws05/src/mavlink/message_definitions/v1.0/python_array_test.xml
Parsing /home/grsh/catkin_ws05/src/mavlink/message_definitions/v1.0/python_array_test.xml
Validating /home/grsh/catkin_ws05/src/mavlink/message_definitions/v1.0/standard.xml
Parsing /home/grsh/catkin_ws05/src/mavlink/message_definitions/v1.0/standard.xml
Validating /home/grsh/catkin_ws05/src/mavlink/message_definitions/v1.0/test.xml
Parsing /home/grsh/catkin_ws05/src/mavlink/message_definitions/v1.0/test.xml
Validating /home/grsh/catkin_ws05/src/mavlink/message_definitions/v1.0/ualberta.xml
Parsing /home/grsh/catkin_ws05/src/mavlink/message_definitions/v1.0/ualberta.xml
Validating /home/grsh/catkin_ws05/src/mavlink/message_definitions/v1.0/uAvionix.xml
Parsing /home/grsh/catkin_ws05/src/mavlink/message_definitions/v1.0/uAvionix.xml
Validating /home/grsh/catkin_ws05/src/mavlink/message_definitions/v1.0/storm32.xml
Parsing /home/grsh/catkin_ws05/src/mavlink/message_definitions/v1.0/storm32.xml
Validating /home/grsh/catkin_ws05/src/mavlink/message_definitions/v1.0/AVSSUAS.xml
Parsing /home/grsh/catkin_ws05/src/mavlink/message_definitions/v1.0/AVSSUAS.xml
Validating /home/grsh/catkin_ws05/src/mavlink/message_definitions/v1.0/cubepilot.xml
Parsing /home/grsh/catkin_ws05/src/mavlink/message_definitions/v1.0/cubepilot.xml
Validating /home/grsh/catkin_ws05/src/mavlink/message_definitions/v1.0/csAirLink.xml
Parsing /home/grsh/catkin_ws05/src/mavlink/message_definitions/v1.0/csAirLink.xml
Merged enum MAV_CMD
Merged enum MAV_CMD
Merged enum MAV_CMD
Merged enum MAV_CMD
Merged enum MAV_CMD
Validating /home/grsh/catkin_ws05/src/mavlink/message_definitions/v1.0/icarous.xml
Parsing /home/grsh/catkin_ws05/src/mavlink/message_definitions/v1.0/icarous.xml
Found 361 MAVLink message types in 16 XML files
Found 2 MAVLink message types in 1 XML files
Generating C headers
Generating C implementation in directory include/v2.0/all
Generating C headers
Generating C implementation in directory include/v2.0/icarous
Generating C implementation in directory include/v2.0/ardupilotmega
Copying fixed headers for protocol 2.0 to include/v2.0
Generating C++ implementation in directory include/v2.0/icarous
Copying fixed C++ headers for protocol 2.0 to include/v2.0
[ 53%] Built target icarous.xml-v2.0
Generating C implementation in directory include/v2.0/ASLUAV
[35m[1mScanning dependencies of target storm32.xml-v2.0[0m
[ 56%] [34m[1mGenerating storm32-v2.0-cxx-stamp[0m
Generating C implementation in directory include/v2.0/common
Validating /home/grsh/catkin_ws05/src/mavlink/message_definitions/v1.0/storm32.xml
Parsing /home/grsh/catkin_ws05/src/mavlink/message_definitions/v1.0/storm32.xml
Validating /home/grsh/catkin_ws05/src/mavlink/message_definitions/v1.0/ardupilotmega.xml
Parsing /home/grsh/catkin_ws05/src/mavlink/message_definitions/v1.0/ardupilotmega.xml
Validating /home/grsh/catkin_ws05/src/mavlink/message_definitions/v1.0/common.xml
Parsing /home/grsh/catkin_ws05/src/mavlink/message_definitions/v1.0/common.xml
Validating /home/grsh/catkin_ws05/src/mavlink/message_definitions/v1.0/uAvionix.xml
Parsing /home/grsh/catkin_ws05/src/mavlink/message_definitions/v1.0/uAvionix.xml
Validating /home/grsh/catkin_ws05/src/mavlink/message_definitions/v1.0/icarous.xml
Parsing /home/grsh/catkin_ws05/src/mavlink/message_definitions/v1.0/icarous.xml
Validating /home/grsh/catkin_ws05/src/mavlink/message_definitions/v1.0/cubepilot.xml
Parsing /home/grsh/catkin_ws05/src/mavlink/message_definitions/v1.0/cubepilot.xml
Validating /home/grsh/catkin_ws05/src/mavlink/message_definitions/v1.0/csAirLink.xml
Parsing /home/grsh/catkin_ws05/src/mavlink/message_definitions/v1.0/csAirLink.xml
Validating /home/grsh/catkin_ws05/src/mavlink/message_definitions/v1.0/standard.xml
Parsing /home/grsh/catkin_ws05/src/mavlink/message_definitions/v1.0/standard.xml
Validating /home/grsh/catkin_ws05/src/mavlink/message_definitions/v1.0/minimal.xml
Parsing /home/grsh/catkin_ws05/src/mavlink/message_definitions/v1.0/minimal.xml
Merged enum MAV_CMD
Merged enum MAV_CMD
Found 312 MAVLink message types in 9 XML files
Generating C headers
Generating C implementation in directory include/v2.0/storm32
Generating C implementation in directory include/v2.0/ardupilotmega
Generating C implementation in directory include/v2.0/common
[35m[1mScanning dependencies of target development.xml-v1.0[0m
[ 60%] Built target development.xml-v1.0
[35m[1mScanning dependencies of target ASLUAV.xml-v1.0[0m
[ 63%] Built target ASLUAV.xml-v1.0
[35m[1mScanning dependencies of target AVSSUAS.xml-v2.0[0m
[ 66%] [34m[1mGenerating AVSSUAS-v2.0-cxx-stamp[0m
Validating /home/grsh/catkin_ws05/src/mavlink/message_definitions/v1.0/AVSSUAS.xml
Parsing /home/grsh/catkin_ws05/src/mavlink/message_definitions/v1.0/AVSSUAS.xml
Validating /home/grsh/catkin_ws05/src/mavlink/message_definitions/v1.0/common.xml
Parsing /home/grsh/catkin_ws05/src/mavlink/message_definitions/v1.0/common.xml
Validating /home/grsh/catkin_ws05/src/mavlink/message_definitions/v1.0/standard.xml
Parsing /home/grsh/catkin_ws05/src/mavlink/message_definitions/v1.0/standard.xml
Validating /home/grsh/catkin_ws05/src/mavlink/message_definitions/v1.0/minimal.xml
Parsing /home/grsh/catkin_ws05/src/mavlink/message_definitions/v1.0/minimal.xml
Merged enum MAV_CMD
Found 227 MAVLink message types in 4 XML files
Generating C headers
Generating C implementation in directory include/v2.0/AVSSUAS
Generating C implementation in directory include/v2.0/common
Generating C implementation in directory include/v2.0/development
Generating C implementation in directory include/v2.0/icarous
Generating C implementation in directory include/v2.0/minimal
Generating C implementation in directory include/v2.0/python_array_test
Generating C implementation in directory include/v2.0/standard
Generating C implementation in directory include/v2.0/test
Generating C implementation in directory include/v2.0/ualberta
Generating C implementation in directory include/v2.0/uAvionix
Generating C implementation in directory include/v2.0/storm32
Generating C implementation in directory include/v2.0/AVSSUAS
Generating C implementation in directory include/v2.0/cubepilot
Generating C implementation in directory include/v2.0/csAirLink
Copying fixed headers for protocol 2.0 to include/v2.0
Generating C++ implementation in directory include/v2.0/all
Generating C++ implementation in directory include/v2.0/ardupilotmega
Generating C++ implementation in directory include/v2.0/ASLUAV
Generating C++ implementation in directory include/v2.0/common
Generating C implementation in directory include/v2.0/uAvionix
Generating C implementation in directory include/v2.0/icarous
Generating C implementation in directory include/v2.0/cubepilot
Generating C implementation in directory include/v2.0/csAirLink
Generating C implementation in directory include/v2.0/standard
Generating C implementation in directory include/v2.0/minimal
Copying fixed headers for protocol 2.0 to include/v2.0
Generating C++ implementation in directory include/v2.0/storm32
Generating C++ implementation in directory include/v2.0/ardupilotmega
Generating C++ implementation in directory include/v2.0/common
Generating C++ implementation in directory include/v2.0/development
Generating C++ implementation in directory include/v2.0/icarous
Generating C++ implementation in directory include/v2.0/minimal
Generating C++ implementation in directory include/v2.0/python_array_test
Generating C++ implementation in directory include/v2.0/standard
Generating C++ implementation in directory include/v2.0/test
Generating C++ implementation in directory include/v2.0/ualberta
Generating C++ implementation in directory include/v2.0/uAvionix
Generating C++ implementation in directory include/v2.0/storm32
Generating C++ implementation in directory include/v2.0/AVSSUAS
Generating C++ implementation in directory include/v2.0/cubepilot
Generating C++ implementation in directory include/v2.0/csAirLink
Copying fixed C++ headers for protocol 2.0 to include/v2.0
[ 66%] Built target all.xml-v2.0
[35m[1mScanning dependencies of target standard.xml-v2.0[0m
[ 70%] [34m[1mGenerating standard-v2.0-cxx-stamp[0m
Validating /home/grsh/catkin_ws05/src/mavlink/message_definitions/v1.0/standard.xml
Parsing /home/grsh/catkin_ws05/src/mavlink/message_definitions/v1.0/standard.xml
Validating /home/grsh/catkin_ws05/src/mavlink/message_definitions/v1.0/minimal.xml
Parsing /home/grsh/catkin_ws05/src/mavlink/message_definitions/v1.0/minimal.xml
Generating C++ implementation in directory include/v2.0/uAvionix
Generating C++ implementation in directory include/v2.0/icarous
Found 2 MAVLink message types in 2 XML files
Generating C++ implementation in directory include/v2.0/cubepilot
Generating C headers
Generating C implementation in directory include/v2.0/standard
Generating C implementation in directory include/v2.0/minimal
Generating C++ implementation in directory include/v2.0/csAirLink
Generating C++ implementation in directory include/v2.0/standard
Generating C++ implementation in directory include/v2.0/minimal
Copying fixed headers for protocol 2.0 to include/v2.0
Generating C++ implementation in directory include/v2.0/standard
Generating C++ implementation in directory include/v2.0/minimal
Copying fixed C++ headers for protocol 2.0 to include/v2.0
Copying fixed C++ headers for protocol 2.0 to include/v2.0
[ 70%] Built target standard.xml-v2.0
[ 70%] Built target storm32.xml-v2.0
[35m[1mScanning dependencies of target common.xml-v1.0[0m
[35m[1mScanning dependencies of target ardupilotmega.xml-v2.0[0m
[ 73%] Built target common.xml-v1.0
[ 76%] [34m[1mGenerating ardupilotmega-v2.0-cxx-stamp[0m
Generating C implementation in directory include/v2.0/standard
Generating C implementation in directory include/v2.0/minimal
Copying fixed headers for protocol 2.0 to include/v2.0
Generating C++ implementation in directory include/v2.0/AVSSUAS
Validating /home/grsh/catkin_ws05/src/mavlink/message_definitions/v1.0/ardupilotmega.xml
Generating C++ implementation in directory include/v2.0/common
Parsing /home/grsh/catkin_ws05/src/mavlink/message_definitions/v1.0/ardupilotmega.xml
Validating /home/grsh/catkin_ws05/src/mavlink/message_definitions/v1.0/common.xml
Parsing /home/grsh/catkin_ws05/src/mavlink/message_definitions/v1.0/common.xml
Generating C++ implementation in directory include/v2.0/standard
Generating C++ implementation in directory include/v2.0/minimal
Copying fixed C++ headers for protocol 2.0 to include/v2.0
Validating /home/grsh/catkin_ws05/src/mavlink/message_definitions/v1.0/uAvionix.xml
Parsing /home/grsh/catkin_ws05/src/mavlink/message_definitions/v1.0/uAvionix.xml
Validating /home/grsh/catkin_ws05/src/mavlink/message_definitions/v1.0/icarous.xml
Parsing /home/grsh/catkin_ws05/src/mavlink/message_definitions/v1.0/icarous.xml
Validating /home/grsh/catkin_ws05/src/mavlink/message_definitions/v1.0/cubepilot.xml
Parsing /home/grsh/catkin_ws05/src/mavlink/message_definitions/v1.0/cubepilot.xml
Validating /home/grsh/catkin_ws05/src/mavlink/message_definitions/v1.0/csAirLink.xml
Parsing /home/grsh/catkin_ws05/src/mavlink/message_definitions/v1.0/csAirLink.xml
Validating /home/grsh/catkin_ws05/src/mavlink/message_definitions/v1.0/standard.xml
Parsing /home/grsh/catkin_ws05/src/mavlink/message_definitions/v1.0/standard.xml
Validating /home/grsh/catkin_ws05/src/mavlink/message_definitions/v1.0/minimal.xml
Parsing /home/grsh/catkin_ws05/src/mavlink/message_definitions/v1.0/minimal.xml
Merged enum MAV_CMD
Found 304 MAVLink message types in 8 XML files
Generating C headers
Generating C implementation in directory include/v2.0/ardupilotmega
[ 76%] Built target AVSSUAS.xml-v2.0
[35m[1mScanning dependencies of target ASLUAV.xml-v2.0[0m
[ 80%] [34m[1mGenerating ASLUAV-v2.0-cxx-stamp[0m
Validating /home/grsh/catkin_ws05/src/mavlink/message_definitions/v1.0/ASLUAV.xml
Parsing /home/grsh/catkin_ws05/src/mavlink/message_definitions/v1.0/ASLUAV.xml
Validating /home/grsh/catkin_ws05/src/mavlink/message_definitions/v1.0/common.xml
Generating C implementation in directory include/v2.0/common
Parsing /home/grsh/catkin_ws05/src/mavlink/message_definitions/v1.0/common.xml
Validating /home/grsh/catkin_ws05/src/mavlink/message_definitions/v1.0/standard.xml
Parsing /home/grsh/catkin_ws05/src/mavlink/message_definitions/v1.0/standard.xml
Validating /home/grsh/catkin_ws05/src/mavlink/message_definitions/v1.0/minimal.xml
Parsing /home/grsh/catkin_ws05/src/mavlink/message_definitions/v1.0/minimal.xml
Merged enum MAV_CMD
Found 240 MAVLink message types in 4 XML files
Generating C headers
Generating C implementation in directory include/v2.0/ASLUAV
Generating C implementation in directory include/v2.0/common
Generating C implementation in directory include/v2.0/uAvionix
Generating C implementation in directory include/v2.0/icarous
Generating C implementation in directory include/v2.0/cubepilot
Generating C implementation in directory include/v2.0/csAirLink
Generating C implementation in directory include/v2.0/standard
Generating C implementation in directory include/v2.0/minimal
Copying fixed headers for protocol 2.0 to include/v2.0
Generating C++ implementation in directory include/v2.0/ardupilotmega
Generating C++ implementation in directory include/v2.0/common
Generating C implementation in directory include/v2.0/standard
Generating C implementation in directory include/v2.0/minimal
Copying fixed headers for protocol 2.0 to include/v2.0
Generating C++ implementation in directory include/v2.0/ASLUAV
Generating C++ implementation in directory include/v2.0/uAvionix
Generating C++ implementation in directory include/v2.0/icarous
Generating C++ implementation in directory include/v2.0/common
Generating C++ implementation in directory include/v2.0/cubepilot
Generating C++ implementation in directory include/v2.0/csAirLink
Generating C++ implementation in directory include/v2.0/standard
Generating C++ implementation in directory include/v2.0/minimal
Copying fixed C++ headers for protocol 2.0 to include/v2.0
[ 80%] Built target ardupilotmega.xml-v2.0
[35m[1mScanning dependencies of target csAirLink.xml-v2.0[0m
[ 83%] [34m[1mGenerating csAirLink-v2.0-cxx-stamp[0m
Validating /home/grsh/catkin_ws05/src/mavlink/message_definitions/v1.0/csAirLink.xml
Parsing /home/grsh/catkin_ws05/src/mavlink/message_definitions/v1.0/csAirLink.xml
Found 6 MAVLink message types in 1 XML files
Generating C headers
Generating C implementation in directory include/v2.0/csAirLink
Copying fixed headers for protocol 2.0 to include/v2.0
Generating C++ implementation in directory include/v2.0/csAirLink
Copying fixed C++ headers for protocol 2.0 to include/v2.0
Generating C++ implementation in directory include/v2.0/standard
Generating C++ implementation in directory include/v2.0/minimal
Copying fixed C++ headers for protocol 2.0 to include/v2.0
[ 83%] Built target csAirLink.xml-v2.0
[35m[1mScanning dependencies of target matrixpilot.xml-v1.0[0m
[ 83%] Built target ASLUAV.xml-v2.0
[ 86%] [34m[1mGenerating include/v1.0/matrixpilot/matrixpilot.h[0m
[35m[1mScanning dependencies of target AVSSUAS.xml-v1.0[0m
[ 90%] Built target AVSSUAS.xml-v1.0
[35m[1mScanning dependencies of target development.xml-v2.0[0m
[ 93%] [34m[1mGenerating development-v2.0-cxx-stamp[0m
Validating /home/grsh/catkin_ws05/src/mavlink/message_definitions/v1.0/matrixpilot.xml
Parsing /home/grsh/catkin_ws05/src/mavlink/message_definitions/v1.0/matrixpilot.xml
Validating /home/grsh/catkin_ws05/src/mavlink/message_definitions/v1.0/common.xml
Validating /home/grsh/catkin_ws05/src/mavlink/message_definitions/v1.0/development.xml
Parsing /home/grsh/catkin_ws05/src/mavlink/message_definitions/v1.0/common.xml
Parsing /home/grsh/catkin_ws05/src/mavlink/message_definitions/v1.0/development.xml
Validating /home/grsh/catkin_ws05/src/mavlink/message_definitions/v1.0/common.xml
Parsing /home/grsh/catkin_ws05/src/mavlink/message_definitions/v1.0/common.xml
Validating /home/grsh/catkin_ws05/src/mavlink/message_definitions/v1.0/standard.xml
Parsing /home/grsh/catkin_ws05/src/mavlink/message_definitions/v1.0/standard.xml
Validating /home/grsh/catkin_ws05/src/mavlink/message_definitions/v1.0/minimal.xml
Parsing /home/grsh/catkin_ws05/src/mavlink/message_definitions/v1.0/minimal.xml
Merged enum MAV_CMD
Found 169 MAVLink message types in 4 XML files
Generating C implementation in directory include/v1.0/matrixpilot
Validating /home/grsh/catkin_ws05/src/mavlink/message_definitions/v1.0/standard.xml
Parsing /home/grsh/catkin_ws05/src/mavlink/message_definitions/v1.0/standard.xml
Validating /home/grsh/catkin_ws05/src/mavlink/message_definitions/v1.0/minimal.xml
Parsing /home/grsh/catkin_ws05/src/mavlink/message_definitions/v1.0/minimal.xml
Merged enum MAV_CMD
Found 239 MAVLink message types in 4 XML files
Generating C headers
Generating C implementation in directory include/v2.0/development
Generating C implementation in directory include/v1.0/common
Generating C implementation in directory include/v2.0/common
Generating C implementation in directory include/v1.0/standard
Generating C implementation in directory include/v1.0/minimal
Copying fixed headers for protocol 1.0 to include/v1.0
[ 93%] Built target matrixpilot.xml-v1.0
[35m[1mScanning dependencies of target matrixpilot.xml-v2.0[0m
[ 96%] [34m[1mGenerating matrixpilot-v2.0-cxx-stamp[0m
Validating /home/grsh/catkin_ws05/src/mavlink/message_definitions/v1.0/matrixpilot.xml
Parsing /home/grsh/catkin_ws05/src/mavlink/message_definitions/v1.0/matrixpilot.xml
Validating /home/grsh/catkin_ws05/src/mavlink/message_definitions/v1.0/common.xml
Parsing /home/grsh/catkin_ws05/src/mavlink/message_definitions/v1.0/common.xml
Validating /home/grsh/catkin_ws05/src/mavlink/message_definitions/v1.0/standard.xml
Parsing /home/grsh/catkin_ws05/src/mavlink/message_definitions/v1.0/standard.xml
Validating /home/grsh/catkin_ws05/src/mavlink/message_definitions/v1.0/minimal.xml
Parsing /home/grsh/catkin_ws05/src/mavlink/message_definitions/v1.0/minimal.xml
Merged enum MAV_CMD
Found 250 MAVLink message types in 4 XML files
Generating C headers
Generating C implementation in directory include/v2.0/matrixpilot
Generating C implementation in directory include/v2.0/standard
Generating C implementation in directory include/v2.0/minimal
Copying fixed headers for protocol 2.0 to include/v2.0
Generating C++ implementation in directory include/v2.0/development
Generating C++ implementation in directory include/v2.0/common
Generating C implementation in directory include/v2.0/common
Generating C++ implementation in directory include/v2.0/standard
Generating C++ implementation in directory include/v2.0/minimal
Copying fixed C++ headers for protocol 2.0 to include/v2.0
[ 96%] Built target development.xml-v2.0
Generating C implementation in directory include/v2.0/standard
Generating C implementation in directory include/v2.0/minimal
Copying fixed headers for protocol 2.0 to include/v2.0
Generating C++ implementation in directory include/v2.0/matrixpilot
Generating C++ implementation in directory include/v2.0/common
Generating C++ implementation in directory include/v2.0/standard
Generating C++ implementation in directory include/v2.0/minimal
Copying fixed C++ headers for protocol 2.0 to include/v2.0
[ 96%] Built target matrixpilot.xml-v2.0
[35m[1mScanning dependencies of target common.xml-v2.0[0m
[100%] [34m[1mGenerating common-v2.0-cxx-stamp[0m
Validating /home/grsh/catkin_ws05/src/mavlink/message_definitions/v1.0/common.xml
Parsing /home/grsh/catkin_ws05/src/mavlink/message_definitions/v1.0/common.xml
Validating /home/grsh/catkin_ws05/src/mavlink/message_definitions/v1.0/standard.xml
Parsing /home/grsh/catkin_ws05/src/mavlink/message_definitions/v1.0/standard.xml
Validating /home/grsh/catkin_ws05/src/mavlink/message_definitions/v1.0/minimal.xml
Parsing /home/grsh/catkin_ws05/src/mavlink/message_definitions/v1.0/minimal.xml
Found 223 MAVLink message types in 3 XML files
Generating C headers
Generating C implementation in directory include/v2.0/common
Generating C implementation in directory include/v2.0/standard
Generating C implementation in directory include/v2.0/minimal
Copying fixed headers for protocol 2.0 to include/v2.0
Generating C++ implementation in directory include/v2.0/common
Generating C++ implementation in directory include/v2.0/standard
Generating C++ implementation in directory include/v2.0/minimal
Copying fixed C++ headers for protocol 2.0 to include/v2.0
[100%] Built target common.xml-v2.0
